Setting up watches.  Beware: since -r was given, this may take a while!
Watches established.
./ MODIFY nohup.out
To github.com:neeleshsingh843/automate2.git
   dd2da56..a6d74af  main -> main
Setting up watches.  Beware: since -r was given, this may take a while!
Watches established.
./ MODIFY nohup.out
To github.com:neeleshsingh843/automate2.git
   a6d74af..7508861  main -> main
Setting up watches.  Beware: since -r was given, this may take a while!
Watches established.
./ MODIFY nohup.out
To github.com:neeleshsingh843/automate2.git
   7508861..90e9067  main -> main
Setting up watches.  Beware: since -r was given, this may take a while!
Watches established.
./ MODIFY nohup.out
To github.com:neeleshsingh843/automate2.git
   90e9067..a2aec4f  main -> main
Setting up watches.  Beware: since -r was given, this may take a while!
Watches established.
./ MODIFY nohup.out
To github.com:neeleshsingh843/automate2.git
   a2aec4f..3ef56d7  main -> main
Setting up watches.  Beware: since -r was given, this may take a while!
Watches established.
./ MODIFY nohup.out
To github.com:neeleshsingh843/automate2.git
   3ef56d7..c2d0b1e  main -> main
Setting up watches.  Beware: since -r was given, this may take a while!
Watches established.
./ MODIFY nohup.out
To github.com:neeleshsingh843/automate2.git
   c2d0b1e..c179953  main -> main
Setting up watches.  Beware: since -r was given, this may take a while!
Watches established.
./ MODIFY nohup.out
